This file contains any messages produced by compilers while
running configure, to aid debugging if configure makes a mistake.

It was created by libltdl configure 2.4.3a, which was
generated by GNU Autoconf 2.69.  Invocation command line was

  $ ./configure --disable-option-checking --prefix=/usr/local --with-default-user=squid --bindir=/usr/local/sbin --sbindir=/usr/local/sbin --datadir=/usr/local/etc/squid --libexecdir=/usr/local/libexec/squid --localstatedir=/var --sysconfdir=/usr/local/etc/squid --with-logdir=/var/log/squid --with-pidfile=/var/run/squid/squid.pid --with-swapdir=/var/squid/cache --without-gnutls --with-included-ltdl --enable-auth --enable-zph-qos --enable-build-info --enable-loadable-modules --enable-removal-policies=lru heap --disable-epoll --disable-linux-netfilter --disable-linux-tproxy --disable-translation --disable-arch-native --disable-strict-error-checking --enable-eui --enable-cache-digests --enable-delay-pools --disable-ecap --disable-esi --enable-follow-x-forwarded-for --with-heimdal-krb5=/usr CFLAGS=-I/usr/include -O2 -pipe  -fstack-protector-strong -fno-strict-aliasing  LDFLAGS=  -pthread -L/usr/local/lib -lpcreposix -lpcre  -fstack-protector-strong  LIBS=-lkrb5 -lgssapi -lgssapi_krb5  KRB5CONFIG=/usr/bin/krb5-config krb5_config=/usr/bin/krb5-config --enable-htcp --enable-icap-client --enable-icmp --enable-ident-lookups --enable-ipv6 --enable-kqueue --with-large-files --enable-http-violations --without-nettle --enable-snmp --enable-ssl --with-openssl=/usr --enable-security-cert-generators=file LIBOPENSSL_CFLAGS=-I/usr/include LIBOPENSSL_LIBS=-lcrypto -lssl --enable-ssl-crtd --disable-stacktraces --disable-ipf-transparent --enable-ipfw-transparent --disable-pf-transparent --without-nat-devpf --enable-forw-via-db --enable-wccp --enable-wccpv2 --enable-auth-basic=DB SMB_LM NCSA PAM POP3 RADIUS fake getpwnam --enable-auth-digest=file --enable-external-acl-helpers=file_userip unix_group delayer --enable-auth-negotiate=kerberos wrapper --enable-auth-ntlm=fake SMB_LM --enable-storeio=aufs diskd rock ufs --enable-disk-io=DiskThreads DiskDaemon AIO Blocking IpcIo Mmapped --enable-log-daemon-helpers=file DB --enable-url-rewrite-helpers=fake LFS --enable-storeid-rewrite-helpers=file --enable-security-cert-validators=fake --mandir=/usr/local/man --disable-silent-rules --infodir=/usr/local/share/info/ --build=amd64-portbld-freebsd11.4 build_alias=amd64-portbld-freebsd11.4 CC=cc CPPFLAGS=-I/usr/local/include CXX=c++ CXXFLAGS=-O2 -pipe -fstack-protector-strong -fno-strict-aliasing   CPP=cpp --enable-ltdl-convenience --cache-file=/dev/null --srcdir=.

## --------- ##
## Platform. ##
## --------- ##

hostname = cache04.att.sch.gr
uname -m = amd64
uname -r = 11.4-RELEASE-p9
uname -s = FreeBSD
uname -v = FreeBSD 11.4-RELEASE-p9 #0: Tue Apr  6 09:27:45 UTC 2021     root@amd64-builder.daemonology.net:/usr/obj/usr/src/sys/GENERIC 

/usr/bin/uname -p = amd64
/bin/uname -X     = unknown

/bin/arch              = unknown
/usr/bin/arch -k       = unknown
/usr/convex/getsysinfo = unknown
/usr/bin/hostinfo      = unknown
/bin/machine           = unknown
/usr/bin/oslevel       = unknown
/bin/universe          = unknown

PATH: /sbin
PATH: /bin
PATH: /usr/sbin
PATH: /usr/bin
PATH: /usr/games
PATH: /usr/local/sbin
PATH: /usr/local/bin
PATH: /root/bin


## ----------- ##
## Core tests. ##
## ----------- ##

configure:2311: checking for a BSD-compatible install
configure:2379: result: /usr/bin/install -c
configure:2390: checking whether build environment is sane
configure:2445: result: yes
configure:2591: checking for a thread-safe mkdir -p
configure:2630: result: ../cfgaux/install-sh -c -d
configure:2637: checking for gawk
configure:2667: result: no
configure:2637: checking for mawk
configure:2667: result: no
configure:2637: checking for nawk
configure:2653: found /usr/bin/nawk
configure:2664: result: nawk
configure:2675: checking whether make sets $(MAKE)
configure:2697: result: yes
configure:2726: checking whether make supports nested variables
configure:2743: result: yes
configure:2880: checking whether make supports nested variables
configure:2897: result: yes
configure:2948: checking build system type
configure:2962: result: x86_64-portbld-freebsd11.4
configure:2982: checking host system type
configure:2995: result: x86_64-portbld-freebsd11.4
configure:3036: checking how to print strings
configure:3063: result: printf
configure:3088: checking whether make supports the include directive
configure:3103: make -f confmf.GNU && cat confinc.out
this is the am__doit target
configure:3106: $? = 0
configure:3125: result: yes (GNU style)
configure:3195: checking for gcc
configure:3222: result: cc
configure:3451: checking for C compiler version
configure:3460: cc --version >&5
FreeBSD clang version 10.0.0 (git@github.com:llvm/llvm-project.git llvmorg-10.0.0-0-gd32170dbd5b)
Target: x86_64-unknown-freebsd11.4
Thread model: posix
InstalledDir: /usr/bin
configure:3471: $? = 0
configure:3460: cc -v >&5
FreeBSD clang version 10.0.0 (git@github.com:llvm/llvm-project.git llvmorg-10.0.0-0-gd32170dbd5b)
Target: x86_64-unknown-freebsd11.4
Thread model: posix
InstalledDir: /usr/bin
configure:3471: $? = 0
configure:3460: cc -V >&5
cc: error: argument to '-V' is missing (expected 1 value)
cc: error: no input files
configure:3471: $? = 1
configure:3460: cc -qversion >&5
cc: error: unknown argument '-qversion'; did you mean '--version'?
cc: error: no input files
configure:3471: $? = 1
configure:3491: checking whether the C compiler works
configure:3513: cc -I/usr/include -O2 -pipe  -fstack-protector-strong -fno-strict-aliasing  -I/usr/local/include   -pthread -L/usr/local/lib -lpcreposix -lpcre  -fstack-protector-strong  conftest.c -lkrb5 -lgssapi -lgssapi_krb5  >&5
configure:3517: $? = 0
configure:3565: result: yes
configure:3568: checking for C compiler default output file name
configure:3570: result: a.out
configure:3576: checking for suffix of executables
configure:3583: cc -o conftest -I/usr/include -O2 -pipe  -fstack-protector-strong -fno-strict-aliasing  -I/usr/local/include   -pthread -L/usr/local/lib -lpcreposix -lpcre  -fstack-protector-strong  conftest.c -lkrb5 -lgssapi -lgssapi_krb5  >&5
configure:3587: $? = 0
configure:3609: result: 
configure:3631: checking whether we are cross compiling
configure:3639: cc -o conftest -I/usr/include -O2 -pipe  -fstack-protector-strong -fno-strict-aliasing  -I/usr/local/include   -pthread -L/usr/local/lib -lpcreposix -lpcre  -fstack-protector-strong  conftest.c -lkrb5 -lgssapi -lgssapi_krb5  >&5
configure:3643: $? = 0
configure:3650: ./conftest
configure:3654: $? = 0
configure:3669: result: no
configure:3674: checking for suffix of object files
configure:3696: cc -c -I/usr/include -O2 -pipe  -fstack-protector-strong -fno-strict-aliasing  -I/usr/local/include conftest.c >&5
configure:3700: $? = 0
configure:3721: result: o
configure:3725: checking whether we are using the GNU C compiler
configure:3744: cc -c -I/usr/include -O2 -pipe  -fstack-protector-strong -fno-strict-aliasing  -I/usr/local/include conftest.c >&5
configure:3744: $? = 0
configure:3753: result: yes
configure:3762: checking whether cc accepts -g
configure:3782: cc -c -g -I/usr/local/include conftest.c >&5
configure:3782: $? = 0
configure:3823: result: yes
configure:3840: checking for cc option to accept ISO C89
configure:3903: cc  -c -I/usr/include -O2 -pipe  -fstack-protector-strong -fno-strict-aliasing  -I/usr/local/include conftest.c >&5
configure:3903: $? = 0
configure:3916: result: none needed
configure:3941: checking whether cc understands -c and -o together
configure:3963: cc -c conftest.c -o conftest2.o
configure:3966: $? = 0
configure:3963: cc -c conftest.c -o conftest2.o
configure:3966: $? = 0
configure:3978: result: yes
configure:3997: checking dependency style of cc
configure:4108: result: gcc3
configure:4123: checking for a sed that does not truncate output
configure:4187: result: /usr/bin/sed
configure:4205: checking for grep that handles long lines and -e
configure:4263: result: /usr/bin/grep
configure:4268: checking for egrep
configure:4330: result: /usr/bin/grep -E
configure:4335: checking for fgrep
configure:4397: result: /usr/bin/grep -F
configure:4432: checking for ld used by cc
configure:4499: result: /usr/bin/ld
configure:4506: checking if the linker (/usr/bin/ld) is GNU ld
configure:4521: result: yes
configure:4533: checking for BSD- or MS-compatible name lister (nm)
configure:4587: result: /usr/local/bin/nm -B
configure:4717: checking the name lister (/usr/local/bin/nm -B) interface
configure:4724: cc -c -I/usr/include -O2 -pipe  -fstack-protector-strong -fno-strict-aliasing  -I/usr/local/include conftest.c >&5
configure:4727: /usr/local/bin/nm -B "conftest.o"
configure:4730: output
0000000000000000 B some_variable
configure:4737: result: BSD nm
configure:4740: checking whether ln -s works
configure:4744: result: yes
configure:4752: checking the maximum length of command line arguments
configure:4883: result: 196608
configure:4931: checking how to convert x86_64-portbld-freebsd11.4 file names to x86_64-portbld-freebsd11.4 format
configure:4971: result: func_convert_file_noop
configure:4978: checking how to convert x86_64-portbld-freebsd11.4 file names to toolchain format
configure:4998: result: func_convert_file_noop
configure:5005: checking for /usr/bin/ld option to reload object files
configure:5012: result: -r
configure:5086: checking for objdump
configure:5102: found /usr/bin/objdump
configure:5113: result: objdump
configure:5142: checking how to recognize dependent libraries
configure:5342: result: pass_all
configure:5427: checking for dlltool
configure:5457: result: no
configure:5484: checking how to associate runtime and link libraries
configure:5511: result: printf %s\n
configure:5572: checking for ar
configure:5588: found /usr/bin/ar
configure:5599: result: ar
configure:5636: checking for archiver @FILE support
configure:5653: cc -c -I/usr/include -O2 -pipe  -fstack-protector-strong -fno-strict-aliasing  -I/usr/local/include conftest.c >&5
configure:5653: $? = 0
configure:5656: ar cr libconftest.a @conftest.lst >&5
ar: warning: can't open file: @conftest.lst: No such file or directory
configure:5659: $? = 0
configure:5664: ar cr libconftest.a @conftest.lst >&5
ar: warning: can't open file: @conftest.lst: No such file or directory
configure:5667: $? = 0
configure:5679: result: no
configure:5737: checking for strip
configure:5753: found /usr/bin/strip
configure:5764: result: strip
configure:5836: checking for ranlib
configure:5852: found /usr/bin/ranlib
configure:5863: result: ranlib
configure:5965: checking command to parse /usr/local/bin/nm -B output from cc object
configure:6118: cc -c -I/usr/include -O2 -pipe  -fstack-protector-strong -fno-strict-aliasing  -I/usr/local/include conftest.c >&5
configure:6121: $? = 0
configure:6125: /usr/local/bin/nm -B conftest.o | sed -n -e 's/^.*[	 ]\([ABCDGIRSTW][ABCDGIRSTW]*\)[	 ][	 ]*\([_A-Za-z][_A-Za-z0-9]*\)$/\1 \2 \2/p' | sed '/ __gnu_lto/d' > conftest.nm
configure:6191: cc -o conftest -I/usr/include -O2 -pipe  -fstack-protector-strong -fno-strict-aliasing  -I/usr/local/include   -pthread -L/usr/local/lib -lpcreposix -lpcre  -fstack-protector-strong  conftest.c conftstm.o >&5
configure:6194: $? = 0
configure:6232: result: ok
configure:6279: checking for sysroot
configure:6309: result: no
configure:6316: checking for a working dd
configure:6354: result: /bin/dd
configure:6358: checking how to truncate binary pipes
configure:6373: result: /bin/dd bs=4096 count=1
configure:6702: checking for mt
configure:6718: found /usr/bin/mt
configure:6729: result: mt
configure:6752: checking if mt is a manifest tool
configure:6758: mt '-?'
mt: illegal option -- ?
usage: mt [-f device] command [count]
configure:6766: result: no
configure:7443: checking how to run the C preprocessor
configure:7513: result: cpp
configure:7533: cpp -I/usr/local/include conftest.c
configure:7533: $? = 0
configure:7547: cpp -I/usr/local/include conftest.c
conftest.c:11:10: fatal error: 'ac_nonexistent.h' file not found
#include <ac_nonexistent.h>
         ^~~~~~~~~~~~~~~~~~
1 error generated.
configure:7547: $? = 1
configure: failed program was:
| /* confdefs.h */
| #define PACKAGE_NAME "libltdl"
| #define PACKAGE_TARNAME "libltdl"
| #define PACKAGE_VERSION "2.4.3a"
| #define PACKAGE_STRING "libltdl 2.4.3a"
| #define PACKAGE_BUGREPORT "bug-libtool@gnu.org"
| #define PACKAGE_URL ""
| #define PACKAGE "libltdl"
| #define VERSION "2.4.3a"
| /* end confdefs.h.  */
| #include <ac_nonexistent.h>
configure:7576: checking for ANSI C header files
configure:7596: cc -c -I/usr/include -O2 -pipe  -fstack-protector-strong -fno-strict-aliasing  -I/usr/local/include conftest.c >&5
configure:7596: $? = 0
configure:7669: cc -o conftest -I/usr/include -O2 -pipe  -fstack-protector-strong -fno-strict-aliasing  -I/usr/local/include   -pthread -L/usr/local/lib -lpcreposix -lpcre  -fstack-protector-strong  conftest.c -lkrb5 -lgssapi -lgssapi_krb5  >&5
configure:7669: $? = 0
configure:7669: ./conftest
configure:7669: $? = 0
configure:7680: result: yes
configure:7693: checking for sys/types.h
configure:7693: cc -c -I/usr/include -O2 -pipe  -fstack-protector-strong -fno-strict-aliasing  -I/usr/local/include conftest.c >&5
configure:7693: $? = 0
configure:7693: result: yes
configure:7693: checking for sys/stat.h
configure:7693: cc -c -I/usr/include -O2 -pipe  -fstack-protector-strong -fno-strict-aliasing  -I/usr/local/include conftest.c >&5
configure:7693: $? = 0
configure:7693: result: yes
configure:7693: checking for stdlib.h
configure:7693: cc -c -I/usr/include -O2 -pipe  -fstack-protector-strong -fno-strict-aliasing  -I/usr/local/include conftest.c >&5
configure:7693: $? = 0
configure:7693: result: yes
configure:7693: checking for string.h
configure:7693: cc -c -I/usr/include -O2 -pipe  -fstack-protector-strong -fno-strict-aliasing  -I/usr/local/include conftest.c >&5
configure:7693: $? = 0
configure:7693: result: yes
configure:7693: checking for memory.h
configure:7693: cc -c -I/usr/include -O2 -pipe  -fstack-protector-strong -fno-strict-aliasing  -I/usr/local/include conftest.c >&5
configure:7693: $? = 0
configure:7693: result: yes
configure:7693: checking for strings.h
configure:7693: cc -c -I/usr/include -O2 -pipe  -fstack-protector-strong -fno-strict-aliasing  -I/usr/local/include conftest.c >&5
configure:7693: $? = 0
configure:7693: result: yes
configure:7693: checking for inttypes.h
configure:7693: cc -c -I/usr/include -O2 -pipe  -fstack-protector-strong -fno-strict-aliasing  -I/usr/local/include conftest.c >&5
configure:7693: $? = 0
configure:7693: result: yes
configure:7693: checking for stdint.h
configure:7693: cc -c -I/usr/include -O2 -pipe  -fstack-protector-strong -fno-strict-aliasing  -I/usr/local/include conftest.c >&5
configure:7693: $? = 0
configure:7693: result: yes
configure:7693: checking for unistd.h
configure:7693: cc -c -I/usr/include -O2 -pipe  -fstack-protector-strong -fno-strict-aliasing  -I/usr/local/include conftest.c >&5
configure:7693: $? = 0
configure:7693: result: yes
configure:7707: checking for dlfcn.h
configure:7707: cc -c -I/usr/include -O2 -pipe  -fstack-protector-strong -fno-strict-aliasing  -I/usr/local/include conftest.c >&5
configure:7707: $? = 0
configure:7707: result: yes
configure:8260: checking for objdir
configure:8275: result: .libs
configure:8539: checking if cc supports -fno-rtti -fno-exceptions
configure:8557: cc -c -I/usr/include -O2 -pipe  -fstack-protector-strong -fno-strict-aliasing  -I/usr/local/include -fno-rtti -fno-exceptions conftest.c >&5
configure:8561: $? = 0
configure:8574: result: yes
configure:8938: checking for cc option to produce PIC
configure:8945: result: -fPIC -DPIC
configure:8953: checking if cc PIC flag -fPIC -DPIC works
configure:8971: cc -c -I/usr/include -O2 -pipe  -fstack-protector-strong -fno-strict-aliasing  -I/usr/local/include -fPIC -DPIC -DPIC conftest.c >&5
configure:8975: $? = 0
configure:8988: result: yes
configure:9017: checking if cc static flag -static works
configure:9045: result: yes
configure:9060: checking if cc supports -c -o file.o
configure:9081: cc -c -I/usr/include -O2 -pipe  -fstack-protector-strong -fno-strict-aliasing  -I/usr/local/include -o out/conftest2.o conftest.c >&5
configure:9085: $? = 0
configure:9107: result: yes
configure:9115: checking if cc supports -c -o file.o
configure:9162: result: yes
configure:9195: checking whether the cc linker (/usr/bin/ld) supports shared libraries
configure:10458: result: yes
configure:10495: checking whether -lc should be explicitly linked in
configure:10503: cc -c -I/usr/include -O2 -pipe  -fstack-protector-strong -fno-strict-aliasing  -I/usr/local/include conftest.c >&5
configure:10506: $? = 0
configure:10521: cc -shared  -fPIC -DPIC conftest.o  -v -Wl,-soname -Wl,conftest -o conftest 2\>\&1 \| /usr/bin/grep  -lc  \>/dev/null 2\>\&1
configure:10524: $? = 0
configure:10538: result: no
configure:10698: checking dynamic linker characteristics
configure:11528: result: freebsd11.4 ld.so
configure:11650: checking how to hardcode library paths into programs
configure:11675: result: immediate
configure:11777: checking for shl_load
configure:11777: cc -o conftest -I/usr/include -O2 -pipe  -fstack-protector-strong -fno-strict-aliasing  -I/usr/local/include   -pthread -L/usr/local/lib -lpcreposix -lpcre  -fstack-protector-strong  conftest.c -lkrb5 -lgssapi -lgssapi_krb5  >&5
/tmp/conftest-66af57.o: In function `main':
conftest.c:(.text+0x7): undefined reference to `shl_load'
cc: error: linker command failed with exit code 1 (use -v to see invocation)
configure:11777: $? = 1
configure: failed program was:
| /* confdefs.h */
| #define PACKAGE_NAME "libltdl"
| #define PACKAGE_TARNAME "libltdl"
| #define PACKAGE_VERSION "2.4.3a"
| #define PACKAGE_STRING "libltdl 2.4.3a"
| #define PACKAGE_BUGREPORT "bug-libtool@gnu.org"
| #define PACKAGE_URL ""
| #define PACKAGE "libltdl"
| #define VERSION "2.4.3a"
| #define STDC_HEADERS 1
| #define HAVE_SYS_TYPES_H 1
| #define HAVE_SYS_STAT_H 1
| #define HAVE_STDLIB_H 1
| #define HAVE_STRING_H 1
| #define HAVE_MEMORY_H 1
| #define HAVE_STRINGS_H 1
| #define HAVE_INTTYPES_H 1
| #define HAVE_STDINT_H 1
| #define HAVE_UNISTD_H 1
| #define HAVE_DLFCN_H 1
| #define LT_OBJDIR ".libs/"
| /* end confdefs.h.  */
| /* Define shl_load to an innocuous variant, in case <limits.h> declares shl_load.
|    For example, HP-UX 11i <limits.h> declares gettimeofday.  */
| #define shl_load innocuous_shl_load
| 
| /* System header to define __stub macros and hopefully few prototypes,
|     which can conflict with char shl_load (); below.
|     Prefer <limits.h> to <assert.h> if __STDC__ is defined, since
|     <limits.h> exists even on freestanding compilers.  */
| 
| #ifdef __STDC__
| # include <limits.h>
| #else
| # include <assert.h>
| #endif
| 
| #undef shl_load
| 
| /* Override any GCC internal prototype to avoid an error.
|    Use char because int might match the return type of a GCC
|    builtin and then its argument prototype would still apply.  */
| #ifdef __cplusplus
| extern "C"
| #endif
| char shl_load ();
| /* The GNU C library defines this for functions which it implements
|     to always fail with ENOSYS.  Some functions are actually named
|     something starting with __ and the normal name is an alias.  */
| #if defined __stub_shl_load || defined __stub___shl_load
| choke me
| #endif
| 
| int
| main ()
| {
| return shl_load ();
|   ;
|   return 0;
| }
configure:11777: result: no
configure:11781: checking for shl_load in -ldld
configure:11806: cc -o conftest -I/usr/include -O2 -pipe  -fstack-protector-strong -fno-strict-aliasing  -I/usr/local/include   -pthread -L/usr/local/lib -lpcreposix -lpcre  -fstack-protector-strong  conftest.c -ldld  -lkrb5 -lgssapi -lgssapi_krb5  >&5
/usr/bin/ld: cannot find -ldld
cc: error: linker command failed with exit code 1 (use -v to see invocation)
configure:11806: $? = 1
configure: failed program was:
| /* confdefs.h */
| #define PACKAGE_NAME "libltdl"
| #define PACKAGE_TARNAME "libltdl"
| #define PACKAGE_VERSION "2.4.3a"
| #define PACKAGE_STRING "libltdl 2.4.3a"
| #define PACKAGE_BUGREPORT "bug-libtool@gnu.org"
| #define PACKAGE_URL ""
| #define PACKAGE "libltdl"
| #define VERSION "2.4.3a"
| #define STDC_HEADERS 1
| #define HAVE_SYS_TYPES_H 1
| #define HAVE_SYS_STAT_H 1
| #define HAVE_STDLIB_H 1
| #define HAVE_STRING_H 1
| #define HAVE_MEMORY_H 1
| #define HAVE_STRINGS_H 1
| #define HAVE_INTTYPES_H 1
| #define HAVE_STDINT_H 1
| #define HAVE_UNISTD_H 1
| #define HAVE_DLFCN_H 1
| #define LT_OBJDIR ".libs/"
| /* end confdefs.h.  */
| 
| /* Override any GCC internal prototype to avoid an error.
|    Use char because int might match the return type of a GCC
|    builtin and then its argument prototype would still apply.  */
| #ifdef __cplusplus
| extern "C"
| #endif
| char shl_load ();
| int
| main ()
| {
| return shl_load ();
|   ;
|   return 0;
| }
configure:11815: result: no
configure:11820: checking for dlopen
configure:11820: cc -o conftest -I/usr/include -O2 -pipe  -fstack-protector-strong -fno-strict-aliasing  -I/usr/local/include   -pthread -L/usr/local/lib -lpcreposix -lpcre  -fstack-protector-strong  conftest.c -lkrb5 -lgssapi -lgssapi_krb5  >&5
configure:11820: $? = 0
configure:11820: result: yes
configure:11977: checking whether a program can dlopen itself
configure:12057: cc -o conftest -I/usr/include -O2 -pipe  -fstack-protector-strong -fno-strict-aliasing  -I/usr/local/include -DHAVE_DLFCN_H   -pthread -L/usr/local/lib -lpcreposix -lpcre  -fstack-protector-strong  -Wl,--export-dynamic conftest.c  -lkrb5 -lgssapi -lgssapi_krb5  >&5
configure:12060: $? = 0
configure:12078: result: yes
configure:12083: checking whether a statically linked program can dlopen itself
configure:12163: cc -o conftest -I/usr/include -O2 -pipe  -fstack-protector-strong -fno-strict-aliasing  -I/usr/local/include -DHAVE_DLFCN_H   -pthread -L/usr/local/lib -lpcreposix -lpcre  -fstack-protector-strong  -Wl,--export-dynamic -static conftest.c  -lkrb5 -lgssapi -lgssapi_krb5  >&5
configure:12166: $? = 0
Service unavailable
configure:12184: result: no
configure:12223: checking whether stripping libraries is possible
configure:12245: result: no
configure:12263: checking if libtool supports shared libraries
configure:12265: result: yes
configure:12268: checking whether to build shared libraries
configure:12293: result: yes
configure:12296: checking whether to build static libraries
configure:12300: result: yes
configure:12337: checking what extension is used for runtime loadable modules
configure:12349: result: .so
configure:12373: checking what variable specifies run-time module search path
configure:12380: result: LD_LIBRARY_PATH
configure:12390: checking for the default library search path
configure:12397: result: /lib /usr/lib
configure:12428: checking for library containing dlopen
configure:12459: cc -o conftest -I/usr/include -O2 -pipe  -fstack-protector-strong -fno-strict-aliasing  -I/usr/local/include   -pthread -L/usr/local/lib -lpcreposix -lpcre  -fstack-protector-strong  conftest.c -lkrb5 -lgssapi -lgssapi_krb5  >&5
configure:12459: $? = 0
configure:12476: result: none required
configure:12566: checking for dlerror
configure:12566: cc -o conftest -I/usr/include -O2 -pipe  -fstack-protector-strong -fno-strict-aliasing  -I/usr/local/include   -pthread -L/usr/local/lib -lpcreposix -lpcre  -fstack-protector-strong  conftest.c -lkrb5 -lgssapi -lgssapi_krb5   >&5
configure:12566: $? = 0
configure:12566: result: yes
configure:12580: checking for shl_load
configure:12580: result: no
configure:12587: checking for shl_load in -ldld
configure:12621: result: no
configure:12667: checking for dld_link in -ldld
configure:12692: cc -o conftest -I/usr/include -O2 -pipe  -fstack-protector-strong -fno-strict-aliasing  -I/usr/local/include   -pthread -L/usr/local/lib -lpcreposix -lpcre  -fstack-protector-strong  conftest.c -ldld  -lkrb5 -lgssapi -lgssapi_krb5  >&5
/usr/bin/ld: cannot find -ldld
cc: error: linker command failed with exit code 1 (use -v to see invocation)
configure:12692: $? = 1
configure: failed program was:
| /* confdefs.h */
| #define PACKAGE_NAME "libltdl"
| #define PACKAGE_TARNAME "libltdl"
| #define PACKAGE_VERSION "2.4.3a"
| #define PACKAGE_STRING "libltdl 2.4.3a"
| #define PACKAGE_BUGREPORT "bug-libtool@gnu.org"
| #define PACKAGE_URL ""
| #define PACKAGE "libltdl"
| #define VERSION "2.4.3a"
| #define STDC_HEADERS 1
| #define HAVE_SYS_TYPES_H 1
| #define HAVE_SYS_STAT_H 1
| #define HAVE_STDLIB_H 1
| #define HAVE_STRING_H 1
| #define HAVE_MEMORY_H 1
| #define HAVE_STRINGS_H 1
| #define HAVE_INTTYPES_H 1
| #define HAVE_STDINT_H 1
| #define HAVE_UNISTD_H 1
| #define HAVE_DLFCN_H 1
| #define LT_OBJDIR ".libs/"
| #define LT_MODULE_EXT ".so"
| #define LT_MODULE_PATH_VAR "LD_LIBRARY_PATH"
| #define LT_DLSEARCH_PATH "/lib:/usr/lib"
| #define HAVE_LIBDL 1
| #define HAVE_DLERROR 1
| /* end confdefs.h.  */
| 
| /* Override any GCC internal prototype to avoid an error.
|    Use char because int might match the return type of a GCC
|    builtin and then its argument prototype would still apply.  */
| #ifdef __cplusplus
| extern "C"
| #endif
| char dld_link ();
| int
| main ()
| {
| return dld_link ();
|   ;
|   return 0;
| }
configure:12701: result: no
configure:12736: checking for _ prefix in compiled symbols
configure:12746: cc -c -I/usr/include -O2 -pipe  -fstack-protector-strong -fno-strict-aliasing  -I/usr/local/include conftest.c >&5
conftest.c:2:12: warning: expression result unused [-Wunused-value]
int main(){nm_test_func;return 0;}
           ^~~~~~~~~~~~
1 warning generated.
configure:12749: $? = 0
configure:12753: /usr/local/bin/nm -B conftest.o \| sed -n -e 's/^.*[	 ]\([ABCDGIRSTW][ABCDGIRSTW]*\)[	 ][	 ]*\([_A-Za-z][_A-Za-z0-9]*\)$/\1 \2 \2/p' | sed '/ __gnu_lto/d' \> conftest.nm
configure:12756: $? = 0
configure:12778: result: no
configure:12895: checking whether deplibs are loaded by dlopen
configure:12992: result: yes
configure:13003: checking for argz.h
configure:13003: cc -c -I/usr/include -O2 -pipe  -fstack-protector-strong -fno-strict-aliasing  -I/usr/local/include conftest.c >&5
conftest.c:63:10: fatal error: 'argz.h' file not found
#include <argz.h>
         ^~~~~~~~
1 error generated.
configure:13003: $? = 1
configure: failed program was:
| /* confdefs.h */
| #define PACKAGE_NAME "libltdl"
| #define PACKAGE_TARNAME "libltdl"
| #define PACKAGE_VERSION "2.4.3a"
| #define PACKAGE_STRING "libltdl 2.4.3a"
| #define PACKAGE_BUGREPORT "bug-libtool@gnu.org"
| #define PACKAGE_URL ""
| #define PACKAGE "libltdl"
| #define VERSION "2.4.3a"
| #define STDC_HEADERS 1
| #define HAVE_SYS_TYPES_H 1
| #define HAVE_SYS_STAT_H 1
| #define HAVE_STDLIB_H 1
| #define HAVE_STRING_H 1
| #define HAVE_MEMORY_H 1
| #define HAVE_STRINGS_H 1
| #define HAVE_INTTYPES_H 1
| #define HAVE_STDINT_H 1
| #define HAVE_UNISTD_H 1
| #define HAVE_DLFCN_H 1
| #define LT_OBJDIR ".libs/"
| #define LT_MODULE_EXT ".so"
| #define LT_MODULE_PATH_VAR "LD_LIBRARY_PATH"
| #define LT_DLSEARCH_PATH "/lib:/usr/lib"
| #define HAVE_LIBDL 1
| #define HAVE_DLERROR 1
| #define HAVE_LIBDLLOADER 1
| /* end confdefs.h.  */
| #include <stdio.h>
| #ifdef HAVE_SYS_TYPES_H
| # include <sys/types.h>
| #endif
| #ifdef HAVE_SYS_STAT_H
| # include <sys/stat.h>
| #endif
| #ifdef STDC_HEADERS
| # include <stdlib.h>
| # include <stddef.h>
| #else
| # ifdef HAVE_STDLIB_H
| #  include <stdlib.h>
| # endif
| #endif
| #ifdef HAVE_STRING_H
| # if !defined STDC_HEADERS && defined HAVE_MEMORY_H
| #  include <memory.h>
| # endif
| # include <string.h>
| #endif
| #ifdef HAVE_STRINGS_H
| # include <strings.h>
| #endif
| #ifdef HAVE_INTTYPES_H
| # include <inttypes.h>
| #endif
| #ifdef HAVE_STDINT_H
| # include <stdint.h>
| #endif
| #ifdef HAVE_UNISTD_H
| # include <unistd.h>
| #endif
| 
| #include <argz.h>
configure:13003: result: no
configure:13015: checking for error_t
configure:13015: cc -c -I/usr/include -O2 -pipe  -fstack-protector-strong -fno-strict-aliasing  -I/usr/local/include conftest.c >&5
conftest.c:36:13: error: use of undeclared identifier 'error_t'
if (sizeof (error_t))
            ^
1 error generated.
configure:13015: $? = 1
configure: failed program was:
| /* confdefs.h */
| #define PACKAGE_NAME "libltdl"
| #define PACKAGE_TARNAME "libltdl"
| #define PACKAGE_VERSION "2.4.3a"
| #define PACKAGE_STRING "libltdl 2.4.3a"
| #define PACKAGE_BUGREPORT "bug-libtool@gnu.org"
| #define PACKAGE_URL ""
| #define PACKAGE "libltdl"
| #define VERSION "2.4.3a"
| #define STDC_HEADERS 1
| #define HAVE_SYS_TYPES_H 1
| #define HAVE_SYS_STAT_H 1
| #define HAVE_STDLIB_H 1
| #define HAVE_STRING_H 1
| #define HAVE_MEMORY_H 1
| #define HAVE_STRINGS_H 1
| #define HAVE_INTTYPES_H 1
| #define HAVE_STDINT_H 1
| #define HAVE_UNISTD_H 1
| #define HAVE_DLFCN_H 1
| #define LT_OBJDIR ".libs/"
| #define LT_MODULE_EXT ".so"
| #define LT_MODULE_PATH_VAR "LD_LIBRARY_PATH"
| #define LT_DLSEARCH_PATH "/lib:/usr/lib"
| #define HAVE_LIBDL 1
| #define HAVE_DLERROR 1
| #define HAVE_LIBDLLOADER 1
| /* end confdefs.h.  */
| #if defined(HAVE_ARGZ_H)
| #  include <argz.h>
| #endif
| 
| int
| main ()
| {
| if (sizeof (error_t))
| 	 return 0;
|   ;
|   return 0;
| }
configure:13015: result: no
configure:13041: checking for argz_add
configure:13041: cc -o conftest -I/usr/include -O2 -pipe  -fstack-protector-strong -fno-strict-aliasing  -I/usr/local/include   -pthread -L/usr/local/lib -lpcreposix -lpcre  -fstack-protector-strong  conftest.c -lkrb5 -lgssapi -lgssapi_krb5  >&5
/tmp/conftest-5dc774.o: In function `main':
conftest.c:(.text+0x7): undefined reference to `argz_add'
cc: error: linker command failed with exit code 1 (use -v to see invocation)
configure:13041: $? = 1
configure: failed program was:
| /* confdefs.h */
| #define PACKAGE_NAME "libltdl"
| #define PACKAGE_TARNAME "libltdl"
| #define PACKAGE_VERSION "2.4.3a"
| #define PACKAGE_STRING "libltdl 2.4.3a"
| #define PACKAGE_BUGREPORT "bug-libtool@gnu.org"
| #define PACKAGE_URL ""
| #define PACKAGE "libltdl"
| #define VERSION "2.4.3a"
| #define STDC_HEADERS 1
| #define HAVE_SYS_TYPES_H 1
| #define HAVE_SYS_STAT_H 1
| #define HAVE_STDLIB_H 1
| #define HAVE_STRING_H 1
| #define HAVE_MEMORY_H 1
| #define HAVE_STRINGS_H 1
| #define HAVE_INTTYPES_H 1
| #define HAVE_STDINT_H 1
| #define HAVE_UNISTD_H 1
| #define HAVE_DLFCN_H 1
| #define LT_OBJDIR ".libs/"
| #define LT_MODULE_EXT ".so"
| #define LT_MODULE_PATH_VAR "LD_LIBRARY_PATH"
| #define LT_DLSEARCH_PATH "/lib:/usr/lib"
| #define HAVE_LIBDL 1
| #define HAVE_DLERROR 1
| #define HAVE_LIBDLLOADER 1
| #define error_t int
| #define __error_t_defined 1
| /* end confdefs.h.  */
| /* Define argz_add to an innocuous variant, in case <limits.h> declares argz_add.
|    For example, HP-UX 11i <limits.h> declares gettimeofday.  */
| #define argz_add innocuous_argz_add
| 
| /* System header to define __stub macros and hopefully few prototypes,
|     which can conflict with char argz_add (); below.
|     Prefer <limits.h> to <assert.h> if __STDC__ is defined, since
|     <limits.h> exists even on freestanding compilers.  */
| 
| #ifdef __STDC__
| # include <limits.h>
| #else
| # include <assert.h>
| #endif
| 
| #undef argz_add
| 
| /* Override any GCC internal prototype to avoid an error.
|    Use char because int might match the return type of a GCC
|    builtin and then its argument prototype would still apply.  */
| #ifdef __cplusplus
| extern "C"
| #endif
| char argz_add ();
| /* The GNU C library defines this for functions which it implements
|     to always fail with ENOSYS.  Some functions are actually named
|     something starting with __ and the normal name is an alias.  */
| #if defined __stub_argz_add || defined __stub___argz_add
| choke me
| #endif
| 
| int
| main ()
| {
| return argz_add ();
|   ;
|   return 0;
| }
configure:13041: result: no
configure:13041: checking for argz_append
configure:13041: cc -o conftest -I/usr/include -O2 -pipe  -fstack-protector-strong -fno-strict-aliasing  -I/usr/local/include   -pthread -L/usr/local/lib -lpcreposix -lpcre  -fstack-protector-strong  conftest.c -lkrb5 -lgssapi -lgssapi_krb5  >&5
/tmp/conftest-bfa494.o: In function `main':
conftest.c:(.text+0x7): undefined reference to `argz_append'
cc: error: linker command failed with exit code 1 (use -v to see invocation)
configure:13041: $? = 1
configure: failed program was:
| /* confdefs.h */
| #define PACKAGE_NAME "libltdl"
| #define PACKAGE_TARNAME "libltdl"
| #define PACKAGE_VERSION "2.4.3a"
| #define PACKAGE_STRING "libltdl 2.4.3a"
| #define PACKAGE_BUGREPORT "bug-libtool@gnu.org"
| #define PACKAGE_URL ""
| #define PACKAGE "libltdl"
| #define VERSION "2.4.3a"
| #define STDC_HEADERS 1
| #define HAVE_SYS_TYPES_H 1
| #define HAVE_SYS_STAT_H 1
| #define HAVE_STDLIB_H 1
| #define HAVE_STRING_H 1
| #define HAVE_MEMORY_H 1
| #define HAVE_STRINGS_H 1
| #define HAVE_INTTYPES_H 1
| #define HAVE_STDINT_H 1
| #define HAVE_UNISTD_H 1
| #define HAVE_DLFCN_H 1
| #define LT_OBJDIR ".libs/"
| #define LT_MODULE_EXT ".so"
| #define LT_MODULE_PATH_VAR "LD_LIBRARY_PATH"
| #define LT_DLSEARCH_PATH "/lib:/usr/lib"
| #define HAVE_LIBDL 1
| #define HAVE_DLERROR 1
| #define HAVE_LIBDLLOADER 1
| #define error_t int
| #define __error_t_defined 1
| /* end confdefs.h.  */
| /* Define argz_append to an innocuous variant, in case <limits.h> declares argz_append.
|    For example, HP-UX 11i <limits.h> declares gettimeofday.  */
| #define argz_append innocuous_argz_append
| 
| /* System header to define __stub macros and hopefully few prototypes,
|     which can conflict with char argz_append (); below.
|     Prefer <limits.h> to <assert.h> if __STDC__ is defined, since
|     <limits.h> exists even on freestanding compilers.  */
| 
| #ifdef __STDC__
| # include <limits.h>
| #else
| # include <assert.h>
| #endif
| 
| #undef argz_append
| 
| /* Override any GCC internal prototype to avoid an error.
|    Use char because int might match the return type of a GCC
|    builtin and then its argument prototype would still apply.  */
| #ifdef __cplusplus
| extern "C"
| #endif
| char argz_append ();
| /* The GNU C library defines this for functions which it implements
|     to always fail with ENOSYS.  Some functions are actually named
|     something starting with __ and the normal name is an alias.  */
| #if defined __stub_argz_append || defined __stub___argz_append
| choke me
| #endif
| 
| int
| main ()
| {
| return argz_append ();
|   ;
|   return 0;
| }
configure:13041: result: no
configure:13041: checking for argz_count
configure:13041: cc -o conftest -I/usr/include -O2 -pipe  -fstack-protector-strong -fno-strict-aliasing  -I/usr/local/include   -pthread -L/usr/local/lib -lpcreposix -lpcre  -fstack-protector-strong  conftest.c -lkrb5 -lgssapi -lgssapi_krb5  >&5
/tmp/conftest-80db99.o: In function `main':
conftest.c:(.text+0x7): undefined reference to `argz_count'
cc: error: linker command failed with exit code 1 (use -v to see invocation)
configure:13041: $? = 1
configure: failed program was:
| /* confdefs.h */
| #define PACKAGE_NAME "libltdl"
| #define PACKAGE_TARNAME "libltdl"
| #define PACKAGE_VERSION "2.4.3a"
| #define PACKAGE_STRING "libltdl 2.4.3a"
| #define PACKAGE_BUGREPORT "bug-libtool@gnu.org"
| #define PACKAGE_URL ""
| #define PACKAGE "libltdl"
| #define VERSION "2.4.3a"
| #define STDC_HEADERS 1
| #define HAVE_SYS_TYPES_H 1
| #define HAVE_SYS_STAT_H 1
| #define HAVE_STDLIB_H 1
| #define HAVE_STRING_H 1
| #define HAVE_MEMORY_H 1
| #define HAVE_STRINGS_H 1
| #define HAVE_INTTYPES_H 1
| #define HAVE_STDINT_H 1
| #define HAVE_UNISTD_H 1
| #define HAVE_DLFCN_H 1
| #define LT_OBJDIR ".libs/"
| #define LT_MODULE_EXT ".so"
| #define LT_MODULE_PATH_VAR "LD_LIBRARY_PATH"
| #define LT_DLSEARCH_PATH "/lib:/usr/lib"
| #define HAVE_LIBDL 1
| #define HAVE_DLERROR 1
| #define HAVE_LIBDLLOADER 1
| #define error_t int
| #define __error_t_defined 1
| /* end confdefs.h.  */
| /* Define argz_count to an innocuous variant, in case <limits.h> declares argz_count.
|    For example, HP-UX 11i <limits.h> declares gettimeofday.  */
| #define argz_count innocuous_argz_count
| 
| /* System header to define __stub macros and hopefully few prototypes,
|     which can conflict with char argz_count (); below.
|     Prefer <limits.h> to <assert.h> if __STDC__ is defined, since
|     <limits.h> exists even on freestanding compilers.  */
| 
| #ifdef __STDC__
| # include <limits.h>
| #else
| # include <assert.h>
| #endif
| 
| #undef argz_count
| 
| /* Override any GCC internal prototype to avoid an error.
|    Use char because int might match the return type of a GCC
|    builtin and then its argument prototype would still apply.  */
| #ifdef __cplusplus
| extern "C"
| #endif
| char argz_count ();
| /* The GNU C library defines this for functions which it implements
|     to always fail with ENOSYS.  Some functions are actually named
|     something starting with __ and the normal name is an alias.  */
| #if defined __stub_argz_count || defined __stub___argz_count
| choke me
| #endif
| 
| int
| main ()
| {
| return argz_count ();
|   ;
|   return 0;
| }
configure:13041: result: no
configure:13041: checking for argz_create_sep
configure:13041: cc -o conftest -I/usr/include -O2 -pipe  -fstack-protector-strong -fno-strict-aliasing  -I/usr/local/include   -pthread -L/usr/local/lib -lpcreposix -lpcre  -fstack-protector-strong  conftest.c -lkrb5 -lgssapi -lgssapi_krb5  >&5
/tmp/conftest-c81061.o: In function `main':
conftest.c:(.text+0x7): undefined reference to `argz_create_sep'
cc: error: linker command failed with exit code 1 (use -v to see invocation)
configure:13041: $? = 1
configure: failed program was:
| /* confdefs.h */
| #define PACKAGE_NAME "libltdl"
| #define PACKAGE_TARNAME "libltdl"
| #define PACKAGE_VERSION "2.4.3a"
| #define PACKAGE_STRING "libltdl 2.4.3a"
| #define PACKAGE_BUGREPORT "bug-libtool@gnu.org"
| #define PACKAGE_URL ""
| #define PACKAGE "libltdl"
| #define VERSION "2.4.3a"
| #define STDC_HEADERS 1
| #define HAVE_SYS_TYPES_H 1
| #define HAVE_SYS_STAT_H 1
| #define HAVE_STDLIB_H 1
| #define HAVE_STRING_H 1
| #define HAVE_MEMORY_H 1
| #define HAVE_STRINGS_H 1
| #define HAVE_INTTYPES_H 1
| #define HAVE_STDINT_H 1
| #define HAVE_UNISTD_H 1
| #define HAVE_DLFCN_H 1
| #define LT_OBJDIR ".libs/"
| #define LT_MODULE_EXT ".so"
| #define LT_MODULE_PATH_VAR "LD_LIBRARY_PATH"
| #define LT_DLSEARCH_PATH "/lib:/usr/lib"
| #define HAVE_LIBDL 1
| #define HAVE_DLERROR 1
| #define HAVE_LIBDLLOADER 1
| #define error_t int
| #define __error_t_defined 1
| /* end confdefs.h.  */
| /* Define argz_create_sep to an innocuous variant, in case <limits.h> declares argz_create_sep.
|    For example, HP-UX 11i <limits.h> declares gettimeofday.  */
| #define argz_create_sep innocuous_argz_create_sep
| 
| /* System header to define __stub macros and hopefully few prototypes,
|     which can conflict with char argz_create_sep (); below.
|     Prefer <limits.h> to <assert.h> if __STDC__ is defined, since
|     <limits.h> exists even on freestanding compilers.  */
| 
| #ifdef __STDC__
| # include <limits.h>
| #else
| # include <assert.h>
| #endif
| 
| #undef argz_create_sep
| 
| /* Override any GCC internal prototype to avoid an error.
|    Use char because int might match the return type of a GCC
|    builtin and then its argument prototype would still apply.  */
| #ifdef __cplusplus
| extern "C"
| #endif
| char argz_create_sep ();
| /* The GNU C library defines this for functions which it implements
|     to always fail with ENOSYS.  Some functions are actually named
|     something starting with __ and the normal name is an alias.  */
| #if defined __stub_argz_create_sep || defined __stub___argz_create_sep
| choke me
| #endif
| 
| int
| main ()
| {
| return argz_create_sep ();
|   ;
|   return 0;
| }
configure:13041: result: no
configure:13041: checking for argz_insert
configure:13041: cc -o conftest -I/usr/include -O2 -pipe  -fstack-protector-strong -fno-strict-aliasing  -I/usr/local/include   -pthread -L/usr/local/lib -lpcreposix -lpcre  -fstack-protector-strong  conftest.c -lkrb5 -lgssapi -lgssapi_krb5  >&5
/tmp/conftest-1df7fa.o: In function `main':
conftest.c:(.text+0x7): undefined reference to `argz_insert'
cc: error: linker command failed with exit code 1 (use -v to see invocation)
configure:13041: $? = 1
configure: failed program was:
| /* confdefs.h */
| #define PACKAGE_NAME "libltdl"
| #define PACKAGE_TARNAME "libltdl"
| #define PACKAGE_VERSION "2.4.3a"
| #define PACKAGE_STRING "libltdl 2.4.3a"
| #define PACKAGE_BUGREPORT "bug-libtool@gnu.org"
| #define PACKAGE_URL ""
| #define PACKAGE "libltdl"
| #define VERSION "2.4.3a"
| #define STDC_HEADERS 1
| #define HAVE_SYS_TYPES_H 1
| #define HAVE_SYS_STAT_H 1
| #define HAVE_STDLIB_H 1
| #define HAVE_STRING_H 1
| #define HAVE_MEMORY_H 1
| #define HAVE_STRINGS_H 1
| #define HAVE_INTTYPES_H 1
| #define HAVE_STDINT_H 1
| #define HAVE_UNISTD_H 1
| #define HAVE_DLFCN_H 1
| #define LT_OBJDIR ".libs/"
| #define LT_MODULE_EXT ".so"
| #define LT_MODULE_PATH_VAR "LD_LIBRARY_PATH"
| #define LT_DLSEARCH_PATH "/lib:/usr/lib"
| #define HAVE_LIBDL 1
| #define HAVE_DLERROR 1
| #define HAVE_LIBDLLOADER 1
| #define error_t int
| #define __error_t_defined 1
| /* end confdefs.h.  */
| /* Define argz_insert to an innocuous variant, in case <limits.h> declares argz_insert.
|    For example, HP-UX 11i <limits.h> declares gettimeofday.  */
| #define argz_insert innocuous_argz_insert
| 
| /* System header to define __stub macros and hopefully few prototypes,
|     which can conflict with char argz_insert (); below.
|     Prefer <limits.h> to <assert.h> if __STDC__ is defined, since
|     <limits.h> exists even on freestanding compilers.  */
| 
| #ifdef __STDC__
| # include <limits.h>
| #else
| # include <assert.h>
| #endif
| 
| #undef argz_insert
| 
| /* Override any GCC internal prototype to avoid an error.
|    Use char because int might match the return type of a GCC
|    builtin and then its argument prototype would still apply.  */
| #ifdef __cplusplus
| extern "C"
| #endif
| char argz_insert ();
| /* The GNU C library defines this for functions which it implements
|     to always fail with ENOSYS.  Some functions are actually named
|     something starting with __ and the normal name is an alias.  */
| #if defined __stub_argz_insert || defined __stub___argz_insert
| choke me
| #endif
| 
| int
| main ()
| {
| return argz_insert ();
|   ;
|   return 0;
| }
configure:13041: result: no
configure:13041: checking for argz_next
configure:13041: cc -o conftest -I/usr/include -O2 -pipe  -fstack-protector-strong -fno-strict-aliasing  -I/usr/local/include   -pthread -L/usr/local/lib -lpcreposix -lpcre  -fstack-protector-strong  conftest.c -lkrb5 -lgssapi -lgssapi_krb5  >&5
/tmp/conftest-093519.o: In function `main':
conftest.c:(.text+0x7): undefined reference to `argz_next'
cc: error: linker command failed with exit code 1 (use -v to see invocation)
configure:13041: $? = 1
configure: failed program was:
| /* confdefs.h */
| #define PACKAGE_NAME "libltdl"
| #define PACKAGE_TARNAME "libltdl"
| #define PACKAGE_VERSION "2.4.3a"
| #define PACKAGE_STRING "libltdl 2.4.3a"
| #define PACKAGE_BUGREPORT "bug-libtool@gnu.org"
| #define PACKAGE_URL ""
| #define PACKAGE "libltdl"
| #define VERSION "2.4.3a"
| #define STDC_HEADERS 1
| #define HAVE_SYS_TYPES_H 1
| #define HAVE_SYS_STAT_H 1
| #define HAVE_STDLIB_H 1
| #define HAVE_STRING_H 1
| #define HAVE_MEMORY_H 1
| #define HAVE_STRINGS_H 1
| #define HAVE_INTTYPES_H 1
| #define HAVE_STDINT_H 1
| #define HAVE_UNISTD_H 1
| #define HAVE_DLFCN_H 1
| #define LT_OBJDIR ".libs/"
| #define LT_MODULE_EXT ".so"
| #define LT_MODULE_PATH_VAR "LD_LIBRARY_PATH"
| #define LT_DLSEARCH_PATH "/lib:/usr/lib"
| #define HAVE_LIBDL 1
| #define HAVE_DLERROR 1
| #define HAVE_LIBDLLOADER 1
| #define error_t int
| #define __error_t_defined 1
| /* end confdefs.h.  */
| /* Define argz_next to an innocuous variant, in case <limits.h> declares argz_next.
|    For example, HP-UX 11i <limits.h> declares gettimeofday.  */
| #define argz_next innocuous_argz_next
| 
| /* System header to define __stub macros and hopefully few prototypes,
|     which can conflict with char argz_next (); below.
|     Prefer <limits.h> to <assert.h> if __STDC__ is defined, since
|     <limits.h> exists even on freestanding compilers.  */
| 
| #ifdef __STDC__
| # include <limits.h>
| #else
| # include <assert.h>
| #endif
| 
| #undef argz_next
| 
| /* Override any GCC internal prototype to avoid an error.
|    Use char because int might match the return type of a GCC
|    builtin and then its argument prototype would still apply.  */
| #ifdef __cplusplus
| extern "C"
| #endif
| char argz_next ();
| /* The GNU C library defines this for functions which it implements
|     to always fail with ENOSYS.  Some functions are actually named
|     something starting with __ and the normal name is an alias.  */
| #if defined __stub_argz_next || defined __stub___argz_next
| choke me
| #endif
| 
| int
| main ()
| {
| return argz_next ();
|   ;
|   return 0;
| }
configure:13041: result: no
configure:13041: checking for argz_stringify
configure:13041: cc -o conftest -I/usr/include -O2 -pipe  -fstack-protector-strong -fno-strict-aliasing  -I/usr/local/include   -pthread -L/usr/local/lib -lpcreposix -lpcre  -fstack-protector-strong  conftest.c -lkrb5 -lgssapi -lgssapi_krb5  >&5
/tmp/conftest-425b8b.o: In function `main':
conftest.c:(.text+0x7): undefined reference to `argz_stringify'
cc: error: linker command failed with exit code 1 (use -v to see invocation)
configure:13041: $? = 1
configure: failed program was:
| /* confdefs.h */
| #define PACKAGE_NAME "libltdl"
| #define PACKAGE_TARNAME "libltdl"
| #define PACKAGE_VERSION "2.4.3a"
| #define PACKAGE_STRING "libltdl 2.4.3a"
| #define PACKAGE_BUGREPORT "bug-libtool@gnu.org"
| #define PACKAGE_URL ""
| #define PACKAGE "libltdl"
| #define VERSION "2.4.3a"
| #define STDC_HEADERS 1
| #define HAVE_SYS_TYPES_H 1
| #define HAVE_SYS_STAT_H 1
| #define HAVE_STDLIB_H 1
| #define HAVE_STRING_H 1
| #define HAVE_MEMORY_H 1
| #define HAVE_STRINGS_H 1
| #define HAVE_INTTYPES_H 1
| #define HAVE_STDINT_H 1
| #define HAVE_UNISTD_H 1
| #define HAVE_DLFCN_H 1
| #define LT_OBJDIR ".libs/"
| #define LT_MODULE_EXT ".so"
| #define LT_MODULE_PATH_VAR "LD_LIBRARY_PATH"
| #define LT_DLSEARCH_PATH "/lib:/usr/lib"
| #define HAVE_LIBDL 1
| #define HAVE_DLERROR 1
| #define HAVE_LIBDLLOADER 1
| #define error_t int
| #define __error_t_defined 1
| /* end confdefs.h.  */
| /* Define argz_stringify to an innocuous variant, in case <limits.h> declares argz_stringify.
|    For example, HP-UX 11i <limits.h> declares gettimeofday.  */
| #define argz_stringify innocuous_argz_stringify
| 
| /* System header to define __stub macros and hopefully few prototypes,
|     which can conflict with char argz_stringify (); below.
|     Prefer <limits.h> to <assert.h> if __STDC__ is defined, since
|     <limits.h> exists even on freestanding compilers.  */
| 
| #ifdef __STDC__
| # include <limits.h>
| #else
| # include <assert.h>
| #endif
| 
| #undef argz_stringify
| 
| /* Override any GCC internal prototype to avoid an error.
|    Use char because int might match the return type of a GCC
|    builtin and then its argument prototype would still apply.  */
| #ifdef __cplusplus
| extern "C"
| #endif
| char argz_stringify ();
| /* The GNU C library defines this for functions which it implements
|     to always fail with ENOSYS.  Some functions are actually named
|     something starting with __ and the normal name is an alias.  */
| #if defined __stub_argz_stringify || defined __stub___argz_stringify
| choke me
| #endif
| 
| int
| main ()
| {
| return argz_stringify ();
|   ;
|   return 0;
| }
configure:13041: result: no
configure:13109: checking whether libtool supports -dlopen/-dlpreopen
configure:13121: result: yes
configure:13174: checking for unistd.h
configure:13174: result: yes
configure:13174: checking for dl.h
configure:13174: cc -c -I/usr/include -O2 -pipe  -fstack-protector-strong -fno-strict-aliasing  -I/usr/local/include conftest.c >&5
conftest.c:67:10: fatal error: 'dl.h' file not found
#include <dl.h>
         ^~~~~~
1 error generated.
configure:13174: $? = 1
configure: failed program was:
| /* confdefs.h */
| #define PACKAGE_NAME "libltdl"
| #define PACKAGE_TARNAME "libltdl"
| #define PACKAGE_VERSION "2.4.3a"
| #define PACKAGE_STRING "libltdl 2.4.3a"
| #define PACKAGE_BUGREPORT "bug-libtool@gnu.org"
| #define PACKAGE_URL ""
| #define PACKAGE "libltdl"
| #define VERSION "2.4.3a"
| #define STDC_HEADERS 1
| #define HAVE_SYS_TYPES_H 1
| #define HAVE_SYS_STAT_H 1
| #define HAVE_STDLIB_H 1
| #define HAVE_STRING_H 1
| #define HAVE_MEMORY_H 1
| #define HAVE_STRINGS_H 1
| #define HAVE_INTTYPES_H 1
| #define HAVE_STDINT_H 1
| #define HAVE_UNISTD_H 1
| #define HAVE_DLFCN_H 1
| #define LT_OBJDIR ".libs/"
| #define LT_MODULE_EXT ".so"
| #define LT_MODULE_PATH_VAR "LD_LIBRARY_PATH"
| #define LT_DLSEARCH_PATH "/lib:/usr/lib"
| #define HAVE_LIBDL 1
| #define HAVE_DLERROR 1
| #define HAVE_LIBDLLOADER 1
| #define error_t int
| #define __error_t_defined 1
| #define HAVE_PRELOADED_SYMBOLS 1
| #define HAVE_UNISTD_H 1
| /* end confdefs.h.  */
| #include <stdio.h>
| #ifdef HAVE_SYS_TYPES_H
| # include <sys/types.h>
| #endif
| #ifdef HAVE_SYS_STAT_H
| # include <sys/stat.h>
| #endif
| #ifdef STDC_HEADERS
| # include <stdlib.h>
| # include <stddef.h>
| #else
| # ifdef HAVE_STDLIB_H
| #  include <stdlib.h>
| # endif
| #endif
| #ifdef HAVE_STRING_H
| # if !defined STDC_HEADERS && defined HAVE_MEMORY_H
| #  include <memory.h>
| # endif
| # include <string.h>
| #endif
| #ifdef HAVE_STRINGS_H
| # include <strings.h>
| #endif
| #ifdef HAVE_INTTYPES_H
| # include <inttypes.h>
| #endif
| #ifdef HAVE_STDINT_H
| # include <stdint.h>
| #endif
| #ifdef HAVE_UNISTD_H
| # include <unistd.h>
| #endif
| 
| #include <dl.h>
configure:13174: result: no
configure:13174: checking for sys/dl.h
configure:13174: cc -c -I/usr/include -O2 -pipe  -fstack-protector-strong -fno-strict-aliasing  -I/usr/local/include conftest.c >&5
conftest.c:67:10: fatal error: 'sys/dl.h' file not found
#include <sys/dl.h>
         ^~~~~~~~~~
1 error generated.
configure:13174: $? = 1
configure: failed program was:
| /* confdefs.h */
| #define PACKAGE_NAME "libltdl"
| #define PACKAGE_TARNAME "libltdl"
| #define PACKAGE_VERSION "2.4.3a"
| #define PACKAGE_STRING "libltdl 2.4.3a"
| #define PACKAGE_BUGREPORT "bug-libtool@gnu.org"
| #define PACKAGE_URL ""
| #define PACKAGE "libltdl"
| #define VERSION "2.4.3a"
| #define STDC_HEADERS 1
| #define HAVE_SYS_TYPES_H 1
| #define HAVE_SYS_STAT_H 1
| #define HAVE_STDLIB_H 1
| #define HAVE_STRING_H 1
| #define HAVE_MEMORY_H 1
| #define HAVE_STRINGS_H 1
| #define HAVE_INTTYPES_H 1
| #define HAVE_STDINT_H 1
| #define HAVE_UNISTD_H 1
| #define HAVE_DLFCN_H 1
| #define LT_OBJDIR ".libs/"
| #define LT_MODULE_EXT ".so"
| #define LT_MODULE_PATH_VAR "LD_LIBRARY_PATH"
| #define LT_DLSEARCH_PATH "/lib:/usr/lib"
| #define HAVE_LIBDL 1
| #define HAVE_DLERROR 1
| #define HAVE_LIBDLLOADER 1
| #define error_t int
| #define __error_t_defined 1
| #define HAVE_PRELOADED_SYMBOLS 1
| #define HAVE_UNISTD_H 1
| /* end confdefs.h.  */
| #include <stdio.h>
| #ifdef HAVE_SYS_TYPES_H
| # include <sys/types.h>
| #endif
| #ifdef HAVE_SYS_STAT_H
| # include <sys/stat.h>
| #endif
| #ifdef STDC_HEADERS
| # include <stdlib.h>
| # include <stddef.h>
| #else
| # ifdef HAVE_STDLIB_H
| #  include <stdlib.h>
| # endif
| #endif
| #ifdef HAVE_STRING_H
| # if !defined STDC_HEADERS && defined HAVE_MEMORY_H
| #  include <memory.h>
| # endif
| # include <string.h>
| #endif
| #ifdef HAVE_STRINGS_H
| # include <strings.h>
| #endif
| #ifdef HAVE_INTTYPES_H
| # include <inttypes.h>
| #endif
| #ifdef HAVE_STDINT_H
| # include <stdint.h>
| #endif
| #ifdef HAVE_UNISTD_H
| # include <unistd.h>
| #endif
| 
| #include <sys/dl.h>
configure:13174: result: no
configure:13174: checking for dld.h
configure:13174: cc -c -I/usr/include -O2 -pipe  -fstack-protector-strong -fno-strict-aliasing  -I/usr/local/include conftest.c >&5
conftest.c:67:10: fatal error: 'dld.h' file not found
#include <dld.h>
         ^~~~~~~
1 error generated.
configure:13174: $? = 1
configure: failed program was:
| /* confdefs.h */
| #define PACKAGE_NAME "libltdl"
| #define PACKAGE_TARNAME "libltdl"
| #define PACKAGE_VERSION "2.4.3a"
| #define PACKAGE_STRING "libltdl 2.4.3a"
| #define PACKAGE_BUGREPORT "bug-libtool@gnu.org"
| #define PACKAGE_URL ""
| #define PACKAGE "libltdl"
| #define VERSION "2.4.3a"
| #define STDC_HEADERS 1
| #define HAVE_SYS_TYPES_H 1
| #define HAVE_SYS_STAT_H 1
| #define HAVE_STDLIB_H 1
| #define HAVE_STRING_H 1
| #define HAVE_MEMORY_H 1
| #define HAVE_STRINGS_H 1
| #define HAVE_INTTYPES_H 1
| #define HAVE_STDINT_H 1
| #define HAVE_UNISTD_H 1
| #define HAVE_DLFCN_H 1
| #define LT_OBJDIR ".libs/"
| #define LT_MODULE_EXT ".so"
| #define LT_MODULE_PATH_VAR "LD_LIBRARY_PATH"
| #define LT_DLSEARCH_PATH "/lib:/usr/lib"
| #define HAVE_LIBDL 1
| #define HAVE_DLERROR 1
| #define HAVE_LIBDLLOADER 1
| #define error_t int
| #define __error_t_defined 1
| #define HAVE_PRELOADED_SYMBOLS 1
| #define HAVE_UNISTD_H 1
| /* end confdefs.h.  */
| #include <stdio.h>
| #ifdef HAVE_SYS_TYPES_H
| # include <sys/types.h>
| #endif
| #ifdef HAVE_SYS_STAT_H
| # include <sys/stat.h>
| #endif
| #ifdef STDC_HEADERS
| # include <stdlib.h>
| # include <stddef.h>
| #else
| # ifdef HAVE_STDLIB_H
| #  include <stdlib.h>
| # endif
| #endif
| #ifdef HAVE_STRING_H
| # if !defined STDC_HEADERS && defined HAVE_MEMORY_H
| #  include <memory.h>
| # endif
| # include <string.h>
| #endif
| #ifdef HAVE_STRINGS_H
| # include <strings.h>
| #endif
| #ifdef HAVE_INTTYPES_H
| # include <inttypes.h>
| #endif
| #ifdef HAVE_STDINT_H
| # include <stdint.h>
| #endif
| #ifdef HAVE_UNISTD_H
| # include <unistd.h>
| #endif
| 
| #include <dld.h>
configure:13174: result: no
configure:13174: checking for mach-o/dyld.h
configure:13174: cc -c -I/usr/include -O2 -pipe  -fstack-protector-strong -fno-strict-aliasing  -I/usr/local/include conftest.c >&5
conftest.c:67:10: fatal error: 'mach-o/dyld.h' file not found
#include <mach-o/dyld.h>
         ^~~~~~~~~~~~~~~
1 error generated.
configure:13174: $? = 1
configure: failed program was:
| /* confdefs.h */
| #define PACKAGE_NAME "libltdl"
| #define PACKAGE_TARNAME "libltdl"
| #define PACKAGE_VERSION "2.4.3a"
| #define PACKAGE_STRING "libltdl 2.4.3a"
| #define PACKAGE_BUGREPORT "bug-libtool@gnu.org"
| #define PACKAGE_URL ""
| #define PACKAGE "libltdl"
| #define VERSION "2.4.3a"
| #define STDC_HEADERS 1
| #define HAVE_SYS_TYPES_H 1
| #define HAVE_SYS_STAT_H 1
| #define HAVE_STDLIB_H 1
| #define HAVE_STRING_H 1
| #define HAVE_MEMORY_H 1
| #define HAVE_STRINGS_H 1
| #define HAVE_INTTYPES_H 1
| #define HAVE_STDINT_H 1
| #define HAVE_UNISTD_H 1
| #define HAVE_DLFCN_H 1
| #define LT_OBJDIR ".libs/"
| #define LT_MODULE_EXT ".so"
| #define LT_MODULE_PATH_VAR "LD_LIBRARY_PATH"
| #define LT_DLSEARCH_PATH "/lib:/usr/lib"
| #define HAVE_LIBDL 1
| #define HAVE_DLERROR 1
| #define HAVE_LIBDLLOADER 1
| #define error_t int
| #define __error_t_defined 1
| #define HAVE_PRELOADED_SYMBOLS 1
| #define HAVE_UNISTD_H 1
| /* end confdefs.h.  */
| #include <stdio.h>
| #ifdef HAVE_SYS_TYPES_H
| # include <sys/types.h>
| #endif
| #ifdef HAVE_SYS_STAT_H
| # include <sys/stat.h>
| #endif
| #ifdef STDC_HEADERS
| # include <stdlib.h>
| # include <stddef.h>
| #else
| # ifdef HAVE_STDLIB_H
| #  include <stdlib.h>
| # endif
| #endif
| #ifdef HAVE_STRING_H
| # if !defined STDC_HEADERS && defined HAVE_MEMORY_H
| #  include <memory.h>
| # endif
| # include <string.h>
| #endif
| #ifdef HAVE_STRINGS_H
| # include <strings.h>
| #endif
| #ifdef HAVE_INTTYPES_H
| # include <inttypes.h>
| #endif
| #ifdef HAVE_STDINT_H
| # include <stdint.h>
| #endif
| #ifdef HAVE_UNISTD_H
| # include <unistd.h>
| #endif
| 
| #include <mach-o/dyld.h>
configure:13174: result: no
configure:13174: checking for dirent.h
configure:13174: cc -c -I/usr/include -O2 -pipe  -fstack-protector-strong -fno-strict-aliasing  -I/usr/local/include conftest.c >&5
configure:13174: $? = 0
configure:13174: result: yes
configure:13189: checking for closedir
configure:13189: cc -o conftest -I/usr/include -O2 -pipe  -fstack-protector-strong -fno-strict-aliasing  -I/usr/local/include   -pthread -L/usr/local/lib -lpcreposix -lpcre  -fstack-protector-strong  conftest.c -lkrb5 -lgssapi -lgssapi_krb5  >&5
configure:13189: $? = 0
configure:13189: result: yes
configure:13189: checking for opendir
configure:13189: cc -o conftest -I/usr/include -O2 -pipe  -fstack-protector-strong -fno-strict-aliasing  -I/usr/local/include   -pthread -L/usr/local/lib -lpcreposix -lpcre  -fstack-protector-strong  conftest.c -lkrb5 -lgssapi -lgssapi_krb5  >&5
configure:13189: $? = 0
configure:13189: result: yes
configure:13189: checking for readdir
configure:13189: cc -o conftest -I/usr/include -O2 -pipe  -fstack-protector-strong -fno-strict-aliasing  -I/usr/local/include   -pthread -L/usr/local/lib -lpcreposix -lpcre  -fstack-protector-strong  conftest.c -lkrb5 -lgssapi -lgssapi_krb5  >&5
configure:13189: $? = 0
configure:13189: result: yes
configure:13208: checking for strlcat
configure:13208: cc -o conftest -I/usr/include -O2 -pipe  -fstack-protector-strong -fno-strict-aliasing  -I/usr/local/include   -pthread -L/usr/local/lib -lpcreposix -lpcre  -fstack-protector-strong  conftest.c -lkrb5 -lgssapi -lgssapi_krb5  >&5
conftest.c:60:6: warning: incompatible redeclaration of library function 'strlcat' [-Wincompatible-library-redeclaration]
char strlcat ();
     ^
conftest.c:60:6: note: 'strlcat' is a builtin with type 'unsigned long (char *, const char *, unsigned long)'
1 warning generated.
configure:13208: $? = 0
configure:13208: result: yes
configure:13208: checking for strlcpy
configure:13208: cc -o conftest -I/usr/include -O2 -pipe  -fstack-protector-strong -fno-strict-aliasing  -I/usr/local/include   -pthread -L/usr/local/lib -lpcreposix -lpcre  -fstack-protector-strong  conftest.c -lkrb5 -lgssapi -lgssapi_krb5  >&5
conftest.c:61:6: warning: incompatible redeclaration of library function 'strlcpy' [-Wincompatible-library-redeclaration]
char strlcpy ();
     ^
conftest.c:61:6: note: 'strlcpy' is a builtin with type 'unsigned long (char *, const char *, unsigned long)'
1 warning generated.
configure:13208: $? = 0
configure:13208: result: yes
configure:13359: checking that generated files are newer than configure
configure:13365: result: done
configure:13397: creating ./config.status

## ---------------------- ##
## Running config.status. ##
## ---------------------- ##

This file was extended by libltdl config.status 2.4.3a, which was
generated by GNU Autoconf 2.69.  Invocation command line was

  CONFIG_FILES    = 
  CONFIG_HEADERS  = 
  CONFIG_LINKS    = 
  CONFIG_COMMANDS = 
  $ ./config.status 

on cache04.att.sch.gr

config.status:1115: creating Makefile
config.status:1115: creating config.h
config.status:1344: executing depfiles commands
config.status:1419: cd .       && sed -e '/# am--include-marker/d' Makefile         | make -f - am--depfiles
config.status:1426: $? = 0
config.status:1344: executing libtool commands

## ---------------- ##
## Cache variables. ##
## ---------------- ##

ac_cv_build=x86_64-portbld-freebsd11.4
ac_cv_c_compiler_gnu=yes
ac_cv_env_CC_set=set
ac_cv_env_CC_value=cc
ac_cv_env_CFLAGS_set=set
ac_cv_env_CFLAGS_value='-I/usr/include -O2 -pipe  -fstack-protector-strong -fno-strict-aliasing '
ac_cv_env_CPPFLAGS_set=set
ac_cv_env_CPPFLAGS_value=-I/usr/local/include
ac_cv_env_CPP_set=set
ac_cv_env_CPP_value=cpp
ac_cv_env_LDFLAGS_set=set
ac_cv_env_LDFLAGS_value='  -pthread -L/usr/local/lib -lpcreposix -lpcre  -fstack-protector-strong '
ac_cv_env_LIBS_set=set
ac_cv_env_LIBS_value='-lkrb5 -lgssapi -lgssapi_krb5 '
ac_cv_env_LT_SYS_LIBRARY_PATH_set=''
ac_cv_env_LT_SYS_LIBRARY_PATH_value=''
ac_cv_env_build_alias_set=set
ac_cv_env_build_alias_value=amd64-portbld-freebsd11.4
ac_cv_env_host_alias_set=''
ac_cv_env_host_alias_value=''
ac_cv_env_target_alias_set=''
ac_cv_env_target_alias_value=''
ac_cv_func_argz_add=no
ac_cv_func_argz_append=no
ac_cv_func_argz_count=no
ac_cv_func_argz_create_sep=no
ac_cv_func_argz_insert=no
ac_cv_func_argz_next=no
ac_cv_func_argz_stringify=no
ac_cv_func_closedir=yes
ac_cv_func_dlerror=yes
ac_cv_func_dlopen=yes
ac_cv_func_opendir=yes
ac_cv_func_readdir=yes
ac_cv_func_shl_load=no
ac_cv_func_strlcat=yes
ac_cv_func_strlcpy=yes
ac_cv_header_argz_h=no
ac_cv_header_dirent_h=yes
ac_cv_header_dl_h=no
ac_cv_header_dld_h=no
ac_cv_header_dlfcn_h=yes
ac_cv_header_inttypes_h=yes
ac_cv_header_mach_o_dyld_h=no
ac_cv_header_memory_h=yes
ac_cv_header_stdc=yes
ac_cv_header_stdint_h=yes
ac_cv_header_stdlib_h=yes
ac_cv_header_string_h=yes
ac_cv_header_strings_h=yes
ac_cv_header_sys_dl_h=no
ac_cv_header_sys_stat_h=yes
ac_cv_header_sys_types_h=yes
ac_cv_header_unistd_h=yes
ac_cv_host=x86_64-portbld-freebsd11.4
ac_cv_lib_dld_dld_link=no
ac_cv_lib_dld_shl_load=no
ac_cv_objext=o
ac_cv_path_EGREP='/usr/bin/grep -E'
ac_cv_path_FGREP='/usr/bin/grep -F'
ac_cv_path_GREP=/usr/bin/grep
ac_cv_path_SED=/usr/bin/sed
ac_cv_path_install='/usr/bin/install -c'
ac_cv_path_lt_DD=/bin/dd
ac_cv_prog_AWK=nawk
ac_cv_prog_CPP=cpp
ac_cv_prog_ac_ct_AR=ar
ac_cv_prog_ac_ct_CC=cc
ac_cv_prog_ac_ct_MANIFEST_TOOL=mt
ac_cv_prog_ac_ct_OBJDUMP=objdump
ac_cv_prog_ac_ct_RANLIB=ranlib
ac_cv_prog_ac_ct_STRIP=strip
ac_cv_prog_cc_c89=''
ac_cv_prog_cc_g=yes
ac_cv_prog_make_make_set=yes
ac_cv_search_dlopen='none required'
ac_cv_type_error_t=no
am_cv_CC_dependencies_compiler_type=gcc3
am_cv_make_support_nested_variables=yes
am_cv_prog_cc_c_o=yes
libltdl_cv_lib_dl_dlopen=yes
libltdl_cv_preloaded_symbols=yes
libltdl_cv_shlibext=.so
libltdl_cv_shrext=.so
lt_cv_ar_at_file=no
lt_cv_archive_cmds_need_lc=no
lt_cv_deplibs_check_method=pass_all
lt_cv_dlopen=dlopen
lt_cv_dlopen_libs=''
lt_cv_dlopen_self=yes
lt_cv_dlopen_self_static=no
lt_cv_file_magic_cmd='$MAGIC_CMD'
lt_cv_file_magic_test_file=''
lt_cv_ld_reload_flag=-r
lt_cv_module_path_var=LD_LIBRARY_PATH
lt_cv_nm_interface='BSD nm'
lt_cv_objdir=.libs
lt_cv_path_LD=/usr/bin/ld
lt_cv_path_NM='/usr/local/bin/nm -B'
lt_cv_path_mainfest_tool=no
lt_cv_prog_compiler_c_o=yes
lt_cv_prog_compiler_pic='-fPIC -DPIC'
lt_cv_prog_compiler_pic_works=yes
lt_cv_prog_compiler_rtti_exceptions=yes
lt_cv_prog_compiler_static_works=yes
lt_cv_prog_gnu_ld=yes
lt_cv_sharedlib_from_linklib_cmd='printf %s\n'
lt_cv_sys_dlopen_deplibs=yes
lt_cv_sys_dlsearch_path='/lib /usr/lib'
lt_cv_sys_global_symbol_pipe=$'sed -n -e \'s/^.*[\t ]\\([ABCDGIRSTW][ABCDGIRSTW]*\\)[\t ][\t ]*\\([_A-Za-z][_A-Za-z0-9]*\\)$/\\1 \\2 \\2/p\' | sed \'/ __gnu_lto/d\''
lt_cv_sys_global_symbol_to_c_name_address=$'sed -n -e \'s/^: \\(.*\\) .*$/  {"\\1", (void *) 0},/p\' -e \'s/^[ABCDGIRSTW][ABCDGIRSTW]* .* \\(.*\\)$/  {"\\1", (void *) \\&\\1},/p\''
lt_cv_sys_global_symbol_to_c_name_address_lib_prefix=$'sed -n -e \'s/^: \\(.*\\) .*$/  {"\\1", (void *) 0},/p\' -e \'s/^[ABCDGIRSTW][ABCDGIRSTW]* .* \\(lib.*\\)$/  {"\\1", (void *) \\&\\1},/p\' -e \'s/^[ABCDGIRSTW][ABCDGIRSTW]* .* \\(.*\\)$/  {"lib\\1", (void *) \\&\\1},/p\''
lt_cv_sys_global_symbol_to_cdecl=$'sed -n -e \'s/^T .* \\(.*\\)$/extern int \\1();/p\' -e \'s/^[ABCDGIRSTW][ABCDGIRSTW]* .* \\(.*\\)$/extern char \\1;/p\''
lt_cv_sys_global_symbol_to_import=''
lt_cv_sys_max_cmd_len=196608
lt_cv_sys_symbol_underscore=no
lt_cv_to_host_file_cmd=func_convert_file_noop
lt_cv_to_tool_file_cmd=func_convert_file_noop
lt_cv_truncate_bin='/bin/dd bs=4096 count=1'

## ----------------- ##
## Output variables. ##
## ----------------- ##

ACLOCAL='${SHELL} '\''/opt/squid-4.15/cfgaux/missing'\'' aclocal-1.16'
AMDEPBACKSLASH='\'
AMDEP_FALSE='#'
AMDEP_TRUE=''
AMTAR='$${TAR-tar}'
AM_BACKSLASH='\'
AM_DEFAULT_V='$(AM_DEFAULT_VERBOSITY)'
AM_DEFAULT_VERBOSITY='1'
AM_V='$(V)'
AR='ar'
AS='as'
AUTOCONF='${SHELL} '\''/opt/squid-4.15/cfgaux/missing'\'' autoconf'
AUTOHEADER='${SHELL} '\''/opt/squid-4.15/cfgaux/missing'\'' autoheader'
AUTOMAKE='${SHELL} '\''/opt/squid-4.15/cfgaux/missing'\'' automake-1.16'
AWK='nawk'
CC='cc'
CCDEPMODE='depmode=gcc3'
CFLAGS='-I/usr/include -O2 -pipe  -fstack-protector-strong -fno-strict-aliasing '
CONVENIENCE_LTDL_FALSE='#'
CONVENIENCE_LTDL_TRUE=''
CPP='cpp'
CPPFLAGS='-I/usr/local/include'
CYGPATH_W='echo'
DEFS='-DHAVE_CONFIG_H'
DEPDIR='.deps'
DLLTOOL='false'
DSYMUTIL=''
DUMPBIN=''
ECHO_C=''
ECHO_N='-n'
ECHO_T=''
EGREP='/usr/bin/grep -E'
EXEEXT=''
FGREP='/usr/bin/grep -F'
GREP='/usr/bin/grep'
INSTALL_DATA='${INSTALL} -m 644'
INSTALL_LTDL_FALSE=''
INSTALL_LTDL_TRUE='#'
INSTALL_PROGRAM='${INSTALL}'
INSTALL_SCRIPT='${INSTALL}'
INSTALL_STRIP_PROGRAM='$(install_sh) -c -s'
LD='/usr/bin/ld'
LDFLAGS='  -pthread -L/usr/local/lib -lpcreposix -lpcre  -fstack-protector-strong '
LIBADD_DL=' '
LIBADD_DLD_LINK=''
LIBADD_DLOPEN=''
LIBADD_SHL_LOAD=''
LIBOBJS=' ${LIBOBJDIR}lt__argz$U.o'
LIBS='-lkrb5 -lgssapi -lgssapi_krb5 '
LIBTOOL='$(SHELL) $(top_builddir)/libtool'
LIPO=''
LN_S='ln -s'
LTDLOPEN='libltdl'
LTLIBOBJS=' ${LIBOBJDIR}lt__argz$U.lo'
LT_ARGZ_H='lt__argz.h'
LT_CONFIG_H='config.h'
LT_DLLOADERS=' dlopen.la'
LT_DLPREOPEN='-dlpreopen dlopen.la '
LT_SYS_LIBRARY_PATH=''
MAKEINFO='${SHELL} '\''/opt/squid-4.15/cfgaux/missing'\'' makeinfo'
MANIFEST_TOOL=':'
MKDIR_P='../cfgaux/install-sh -c -d'
NM='/usr/local/bin/nm -B'
NMEDIT=''
OBJDUMP='objdump'
OBJEXT='o'
OTOOL64=''
OTOOL=''
PACKAGE='libltdl'
PACKAGE_BUGREPORT='bug-libtool@gnu.org'
PACKAGE_NAME='libltdl'
PACKAGE_STRING='libltdl 2.4.3a'
PACKAGE_TARNAME='libltdl'
PACKAGE_URL=''
PACKAGE_VERSION='2.4.3a'
PATH_SEPARATOR=':'
RANLIB='ranlib'
SED='/usr/bin/sed'
SET_MAKE=''
SHELL='/bin/sh'
STRIP='strip'
VERSION='2.4.3a'
ac_ct_AR='ar'
ac_ct_CC='cc'
ac_ct_DUMPBIN=''
am__EXEEXT_FALSE=''
am__EXEEXT_TRUE='#'
am__fastdepCC_FALSE='#'
am__fastdepCC_TRUE=''
am__include='include'
am__isrc=''
am__leading_dot='.'
am__nodep='_no'
am__quote=''
am__tar='$${TAR-tar} chof - "$$tardir"'
am__untar='$${TAR-tar} xf -'
bindir='/usr/local/sbin'
build='x86_64-portbld-freebsd11.4'
build_alias='amd64-portbld-freebsd11.4'
build_cpu='x86_64'
build_os='freebsd11.4'
build_vendor='portbld'
datadir='/usr/local/etc/squid'
datarootdir='${prefix}/share'
docdir='${datarootdir}/doc/${PACKAGE_TARNAME}'
dvidir='${docdir}'
exec_prefix='${prefix}'
host='x86_64-portbld-freebsd11.4'
host_alias=''
host_cpu='x86_64'
host_os='freebsd11.4'
host_vendor='portbld'
htmldir='${docdir}'
includedir='${prefix}/include'
infodir='/usr/local/share/info'
install_sh='${SHELL} /opt/squid-4.15/cfgaux/install-sh'
libdir='${exec_prefix}/lib'
libexecdir='/usr/local/libexec/squid'
localedir='${datarootdir}/locale'
localstatedir='/var'
mandir='/usr/local/man'
mkdir_p='$(MKDIR_P)'
oldincludedir='/usr/include'
pdfdir='${docdir}'
prefix='/usr/local'
program_transform_name='s,x,x,'
psdir='${docdir}'
runstatedir='${localstatedir}/run'
sbindir='/usr/local/sbin'
sharedstatedir='${prefix}/com'
sys_symbol_underscore='no'
sysconfdir='/usr/local/etc/squid'
target_alias=''

## ----------- ##
## confdefs.h. ##
## ----------- ##

/* confdefs.h */
#define PACKAGE_NAME "libltdl"
#define PACKAGE_TARNAME "libltdl"
#define PACKAGE_VERSION "2.4.3a"
#define PACKAGE_STRING "libltdl 2.4.3a"
#define PACKAGE_BUGREPORT "bug-libtool@gnu.org"
#define PACKAGE_URL ""
#define PACKAGE "libltdl"
#define VERSION "2.4.3a"
#define STDC_HEADERS 1
#define HAVE_SYS_TYPES_H 1
#define HAVE_SYS_STAT_H 1
#define HAVE_STDLIB_H 1
#define HAVE_STRING_H 1
#define HAVE_MEMORY_H 1
#define HAVE_STRINGS_H 1
#define HAVE_INTTYPES_H 1
#define HAVE_STDINT_H 1
#define HAVE_UNISTD_H 1
#define HAVE_DLFCN_H 1
#define LT_OBJDIR ".libs/"
#define LT_MODULE_EXT ".so"
#define LT_MODULE_PATH_VAR "LD_LIBRARY_PATH"
#define LT_DLSEARCH_PATH "/lib:/usr/lib"
#define HAVE_LIBDL 1
#define HAVE_DLERROR 1
#define HAVE_LIBDLLOADER 1
#define error_t int
#define __error_t_defined 1
#define HAVE_PRELOADED_SYMBOLS 1
#define HAVE_UNISTD_H 1
#define HAVE_DIRENT_H 1
#define HAVE_CLOSEDIR 1
#define HAVE_OPENDIR 1
#define HAVE_READDIR 1
#define HAVE_STRLCAT 1
#define HAVE_STRLCPY 1
#define LT_LIBEXT "a"
#define LT_LIBPREFIX "lib"

configure: exit 0
